# Logfile created on 2014-01-03 17:27:51 +0000 by logger.rb/31641
I, [2014-01-03T17:27:51.267336 #8865]  INFO -- : 0:  rake (10.1.1) from /var/lib/gems/1.9.1/specifications/rake-10.1.1.gemspec
I, [2014-01-03T17:27:51.269141 #8865]  INFO -- : 0:  i18n (0.6.9) from /var/lib/gems/1.9.1/specifications/i18n-0.6.9.gemspec
I, [2014-01-03T17:27:51.269659 #8865]  INFO -- : 0:  minitest (4.7.5) from /var/lib/gems/1.9.1/specifications/minitest-4.7.5.gemspec
I, [2014-01-03T17:27:51.270053 #8865]  INFO -- : 0:  multi_json (1.8.2) from /var/lib/gems/1.9.1/specifications/multi_json-1.8.2.gemspec
I, [2014-01-03T17:27:51.270412 #8865]  INFO -- : 0:  atomic (1.1.14) from /var/lib/gems/1.9.1/specifications/atomic-1.1.14.gemspec
I, [2014-01-03T17:27:51.270768 #8865]  INFO -- : 0:  thread_safe (0.1.3) from /var/lib/gems/1.9.1/specifications/thread_safe-0.1.3.gemspec
I, [2014-01-03T17:27:51.271147 #8865]  INFO -- : 0:  tzinfo (0.3.38) from /var/lib/gems/1.9.1/specifications/tzinfo-0.3.38.gemspec
I, [2014-01-03T17:27:54.785645 #8865]  INFO -- : 0:  activesupport (4.0.1) from /var/lib/gems/1.9.1/specifications/activesupport-4.0.1.gemspec
I, [2014-01-03T17:27:54.786233 #8865]  INFO -- : 0:  builder (3.1.4) from /var/lib/gems/1.9.1/specifications/builder-3.1.4.gemspec
I, [2014-01-03T17:27:54.786622 #8865]  INFO -- : 0:  erubis (2.7.0) from /var/lib/gems/1.9.1/specifications/erubis-2.7.0.gemspec
I, [2014-01-03T17:27:54.786983 #8865]  INFO -- : 0:  rack (1.5.2) from /var/lib/gems/1.9.1/specifications/rack-1.5.2.gemspec
I, [2014-01-03T17:27:54.787344 #8865]  INFO -- : 0:  rack-test (0.6.2) from /var/lib/gems/1.9.1/specifications/rack-test-0.6.2.gemspec
I, [2014-01-03T17:27:57.570582 #8865]  INFO -- : 0:  actionpack (4.0.1) from /var/lib/gems/1.9.1/specifications/actionpack-4.0.1.gemspec
I, [2014-01-03T17:27:59.107211 #8865]  INFO -- : 0:  mime-types (1.25.1) from /var/lib/gems/1.9.1/specifications/mime-types-1.25.1.gemspec
I, [2014-01-03T17:27:59.107755 #8865]  INFO -- : 0:  polyglot (0.3.3) from /var/lib/gems/1.9.1/specifications/polyglot-0.3.3.gemspec
I, [2014-01-03T17:27:59.108289 #8865]  INFO -- : 0:  treetop (1.4.15) from /var/lib/gems/1.9.1/specifications/treetop-1.4.15.gemspec
I, [2014-01-03T17:27:59.108673 #8865]  INFO -- : 0:  mail (2.5.4) from /var/lib/gems/1.9.1/specifications/mail-2.5.4.gemspec
I, [2014-01-03T17:28:01.413635 #8865]  INFO -- : 0:  actionmailer (4.0.1) from /var/lib/gems/1.9.1/specifications/actionmailer-4.0.1.gemspec
I, [2014-01-03T17:28:02.981831 #8865]  INFO -- : 0:  activemodel (4.0.1) from /var/lib/gems/1.9.1/specifications/activemodel-4.0.1.gemspec
I, [2014-01-03T17:28:02.982365 #8865]  INFO -- : 0:  activerecord-deprecated_finders (1.0.3) from /var/lib/gems/1.9.1/specifications/activerecord-deprecated_finders-1.0.3.gemspec
I, [2014-01-03T17:28:04.450299 #8865]  INFO -- : 0:  arel (4.0.1) from /var/lib/gems/1.9.1/specifications/arel-4.0.1.gemspec
I, [2014-01-03T17:28:06.915037 #8865]  INFO -- : 0:  activerecord (4.0.1) from /var/lib/gems/1.9.1/specifications/activerecord-4.0.1.gemspec
I, [2014-01-03T17:28:06.915658 #8865]  INFO -- : 0:  bundler (1.5.1) from /var/lib/gems/1.9.1/specifications/bundler-1.5.1.gemspec
I, [2014-01-03T17:28:06.916016 #8865]  INFO -- : 0:  coffee-script-source (1.6.3) from /var/lib/gems/1.9.1/specifications/coffee-script-source-1.6.3.gemspec
I, [2014-01-03T17:28:06.916403 #8865]  INFO -- : 0:  execjs (2.0.2) from /var/lib/gems/1.9.1/specifications/execjs-2.0.2.gemspec
I, [2014-01-03T17:28:06.916793 #8865]  INFO -- : 0:  coffee-script (2.2.0) from /var/lib/gems/1.9.1/specifications/coffee-script-2.2.0.gemspec
I, [2014-01-03T17:28:06.917657 #8865]  INFO -- : 0:  thor (0.18.1) from /var/lib/gems/1.9.1/specifications/thor-0.18.1.gemspec
I, [2014-01-03T17:28:08.780070 #8865]  INFO -- : 0:  railties (4.0.1) from /var/lib/gems/1.9.1/specifications/railties-4.0.1.gemspec
I, [2014-01-03T17:28:08.780663 #8865]  INFO -- : 0:  coffee-rails (4.0.1) from /var/lib/gems/1.9.1/specifications/coffee-rails-4.0.1.gemspec
I, [2014-01-03T17:28:10.649125 #8865]  INFO -- : 0:  formtastic (2.2.1) from /var/lib/gems/1.9.1/specifications/formtastic-2.2.1.gemspec
I, [2014-01-03T17:28:10.649732 #8865]  INFO -- : 0:  hike (1.2.3) from /var/lib/gems/1.9.1/specifications/hike-1.2.3.gemspec
I, [2014-01-03T17:28:12.051302 #8865]  INFO -- : 0:  jbuilder (1.5.3) from /var/lib/gems/1.9.1/specifications/jbuilder-1.5.3.gemspec
I, [2014-01-03T17:28:12.051879 #8865]  INFO -- : 0:  jquery-rails (3.0.4) from /var/lib/gems/1.9.1/specifications/jquery-rails-3.0.4.gemspec
I, [2014-01-03T17:28:12.052262 #8865]  INFO -- : 0:  json (1.8.1) from /var/lib/gems/1.9.1/specifications/json-1.8.1.gemspec
I, [2014-01-03T17:28:12.052638 #8865]  INFO -- : 0:  mysql2 (0.3.14) from /var/lib/gems/1.9.1/specifications/mysql2-0.3.14.gemspec
I, [2014-01-03T17:28:12.053049 #8865]  INFO -- : 0:  tilt (1.4.1) from /var/lib/gems/1.9.1/specifications/tilt-1.4.1.gemspec
I, [2014-01-03T17:28:12.053419 #8865]  INFO -- : 0:  sprockets (2.10.1) from /var/lib/gems/1.9.1/specifications/sprockets-2.10.1.gemspec
I, [2014-01-03T17:28:12.054267 #8865]  INFO -- : 0:  sprockets-rails (2.0.1) from /var/lib/gems/1.9.1/specifications/sprockets-rails-2.0.1.gemspec
I, [2014-01-03T17:28:17.172047 #8865]  INFO -- : 0:  rails (4.0.1) from /var/lib/gems/1.9.1/specifications/rails-4.0.1.gemspec
I, [2014-01-03T17:28:17.172626 #8865]  INFO -- : 0:  rdoc (3.12.2) from /var/lib/gems/1.9.1/specifications/rdoc-3.12.2.gemspec
I, [2014-01-03T17:28:17.173032 #8865]  INFO -- : 0:  sass (3.2.13) from /var/lib/gems/1.9.1/specifications/sass-3.2.13.gemspec
I, [2014-01-03T17:28:17.173443 #8865]  INFO -- : 0:  sass-rails (4.0.1) from /var/lib/gems/1.9.1/specifications/sass-rails-4.0.1.gemspec
I, [2014-01-03T17:28:17.173819 #8865]  INFO -- : 0:  sdoc (0.3.20) from /var/lib/gems/1.9.1/specifications/sdoc-0.3.20.gemspec
I, [2014-01-03T17:28:17.174191 #8865]  INFO -- : 0:  turbolinks (2.1.0) from /var/lib/gems/1.9.1/specifications/turbolinks-2.1.0.gemspec
I, [2014-01-03T17:28:17.175009 #8865]  INFO -- : 0:  uglifier (2.4.0) from /var/lib/gems/1.9.1/specifications/uglifier-2.4.0.gemspec
I, [2014-01-03T17:32:23.054241 #9215]  INFO -- : 0:  rake (10.1.1) from /var/lib/gems/1.9.1/specifications/rake-10.1.1.gemspec
I, [2014-01-03T17:32:23.059901 #9215]  INFO -- : 0:  i18n (0.6.9) from /var/lib/gems/1.9.1/specifications/i18n-0.6.9.gemspec
I, [2014-01-03T17:32:23.060317 #9215]  INFO -- : 0:  minitest (4.7.5) from /var/lib/gems/1.9.1/specifications/minitest-4.7.5.gemspec
I, [2014-01-03T17:32:23.060682 #9215]  INFO -- : 0:  multi_json (1.8.2) from /var/lib/gems/1.9.1/specifications/multi_json-1.8.2.gemspec
I, [2014-01-03T17:32:23.061059 #9215]  INFO -- : 0:  atomic (1.1.14) from /var/lib/gems/1.9.1/specifications/atomic-1.1.14.gemspec
I, [2014-01-03T17:32:23.061437 #9215]  INFO -- : 0:  thread_safe (0.1.3) from /var/lib/gems/1.9.1/specifications/thread_safe-0.1.3.gemspec
I, [2014-01-03T17:32:23.061805 #9215]  INFO -- : 0:  tzinfo (0.3.38) from /var/lib/gems/1.9.1/specifications/tzinfo-0.3.38.gemspec
I, [2014-01-03T17:32:23.069146 #9215]  INFO -- : 0:  activesupport (4.0.1) from /var/lib/gems/1.9.1/specifications/activesupport-4.0.1.gemspec
I, [2014-01-03T17:32:23.069799 #9215]  INFO -- : 0:  builder (3.1.4) from /var/lib/gems/1.9.1/specifications/builder-3.1.4.gemspec
I, [2014-01-03T17:32:23.071086 #9215]  INFO -- : 0:  erubis (2.7.0) from /var/lib/gems/1.9.1/specifications/erubis-2.7.0.gemspec
I, [2014-01-03T17:32:23.071687 #9215]  INFO -- : 0:  rack (1.5.2) from /var/lib/gems/1.9.1/specifications/rack-1.5.2.gemspec
I, [2014-01-03T17:32:23.072367 #9215]  INFO -- : 0:  rack-test (0.6.2) from /var/lib/gems/1.9.1/specifications/rack-test-0.6.2.gemspec
I, [2014-01-03T17:32:23.072830 #9215]  INFO -- : 0:  actionpack (4.0.1) from /var/lib/gems/1.9.1/specifications/actionpack-4.0.1.gemspec
I, [2014-01-03T17:32:23.073451 #9215]  INFO -- : 0:  mime-types (1.25.1) from /var/lib/gems/1.9.1/specifications/mime-types-1.25.1.gemspec
I, [2014-01-03T17:32:23.073854 #9215]  INFO -- : 0:  polyglot (0.3.3) from /var/lib/gems/1.9.1/specifications/polyglot-0.3.3.gemspec
I, [2014-01-03T17:32:23.074311 #9215]  INFO -- : 0:  treetop (1.4.15) from /var/lib/gems/1.9.1/specifications/treetop-1.4.15.gemspec
I, [2014-01-03T17:32:23.074681 #9215]  INFO -- : 0:  mail (2.5.4) from /var/lib/gems/1.9.1/specifications/mail-2.5.4.gemspec
I, [2014-01-03T17:32:23.075049 #9215]  INFO -- : 0:  actionmailer (4.0.1) from /var/lib/gems/1.9.1/specifications/actionmailer-4.0.1.gemspec
I, [2014-01-03T17:32:23.075415 #9215]  INFO -- : 0:  activemodel (4.0.1) from /var/lib/gems/1.9.1/specifications/activemodel-4.0.1.gemspec
I, [2014-01-03T17:32:23.075749 #9215]  INFO -- : 0:  activerecord-deprecated_finders (1.0.3) from /var/lib/gems/1.9.1/specifications/activerecord-deprecated_finders-1.0.3.gemspec
I, [2014-01-03T17:32:23.076143 #9215]  INFO -- : 0:  arel (4.0.1) from /var/lib/gems/1.9.1/specifications/arel-4.0.1.gemspec
I, [2014-01-03T17:32:23.076488 #9215]  INFO -- : 0:  activerecord (4.0.1) from /var/lib/gems/1.9.1/specifications/activerecord-4.0.1.gemspec
I, [2014-01-03T17:32:23.076843 #9215]  INFO -- : 0:  coffee-script-source (1.6.3) from /var/lib/gems/1.9.1/specifications/coffee-script-source-1.6.3.gemspec
I, [2014-01-03T17:32:23.077250 #9215]  INFO -- : 0:  execjs (2.0.2) from /var/lib/gems/1.9.1/specifications/execjs-2.0.2.gemspec
I, [2014-01-03T17:32:23.077609 #9215]  INFO -- : 0:  coffee-script (2.2.0) from /var/lib/gems/1.9.1/specifications/coffee-script-2.2.0.gemspec
I, [2014-01-03T17:32:23.078007 #9215]  INFO -- : 0:  thor (0.18.1) from /var/lib/gems/1.9.1/specifications/thor-0.18.1.gemspec
I, [2014-01-03T17:32:23.078357 #9215]  INFO -- : 0:  railties (4.0.1) from /var/lib/gems/1.9.1/specifications/railties-4.0.1.gemspec
I, [2014-01-03T17:32:23.078725 #9215]  INFO -- : 0:  coffee-rails (4.0.1) from /var/lib/gems/1.9.1/specifications/coffee-rails-4.0.1.gemspec
I, [2014-01-03T17:32:23.079111 #9215]  INFO -- : 0:  formtastic (2.2.1) from /var/lib/gems/1.9.1/specifications/formtastic-2.2.1.gemspec
I, [2014-01-03T17:32:23.079488 #9215]  INFO -- : 0:  hike (1.2.3) from /var/lib/gems/1.9.1/specifications/hike-1.2.3.gemspec
I, [2014-01-03T17:32:23.079851 #9215]  INFO -- : 0:  jbuilder (1.5.3) from /var/lib/gems/1.9.1/specifications/jbuilder-1.5.3.gemspec
I, [2014-01-03T17:32:23.080242 #9215]  INFO -- : 0:  jquery-rails (3.0.4) from /var/lib/gems/1.9.1/specifications/jquery-rails-3.0.4.gemspec
I, [2014-01-03T17:32:23.080616 #9215]  INFO -- : 0:  json (1.8.1) from /var/lib/gems/1.9.1/specifications/json-1.8.1.gemspec
I, [2014-01-03T17:32:23.081073 #9215]  INFO -- : 0:  mysql2 (0.3.14) from /var/lib/gems/1.9.1/specifications/mysql2-0.3.14.gemspec
I, [2014-01-03T17:32:23.081473 #9215]  INFO -- : 0:  bundler (1.5.1) from /var/lib/gems/1.9.1/specifications/bundler-1.5.1.gemspec
I, [2014-01-03T17:32:23.081868 #9215]  INFO -- : 0:  tilt (1.4.1) from /var/lib/gems/1.9.1/specifications/tilt-1.4.1.gemspec
I, [2014-01-03T17:32:23.082239 #9215]  INFO -- : 0:  sprockets (2.10.1) from /var/lib/gems/1.9.1/specifications/sprockets-2.10.1.gemspec
I, [2014-01-03T17:32:23.082600 #9215]  INFO -- : 0:  sprockets-rails (2.0.1) from /var/lib/gems/1.9.1/specifications/sprockets-rails-2.0.1.gemspec
I, [2014-01-03T17:32:23.082973 #9215]  INFO -- : 0:  rails (4.0.1) from /var/lib/gems/1.9.1/specifications/rails-4.0.1.gemspec
I, [2014-01-03T17:32:23.083413 #9215]  INFO -- : 0:  rdoc (3.12.2) from /var/lib/gems/1.9.1/specifications/rdoc-3.12.2.gemspec
I, [2014-01-03T17:32:23.083813 #9215]  INFO -- : 0:  sass (3.2.13) from /var/lib/gems/1.9.1/specifications/sass-3.2.13.gemspec
I, [2014-01-03T17:32:23.084229 #9215]  INFO -- : 0:  sass-rails (4.0.1) from /var/lib/gems/1.9.1/specifications/sass-rails-4.0.1.gemspec
I, [2014-01-03T17:32:23.084644 #9215]  INFO -- : 0:  sdoc (0.3.20) from /var/lib/gems/1.9.1/specifications/sdoc-0.3.20.gemspec
I, [2014-01-03T17:32:23.085177 #9215]  INFO -- : 0:  turbolinks (2.1.0) from /var/lib/gems/1.9.1/specifications/turbolinks-2.1.0.gemspec
I, [2014-01-03T17:32:23.085542 #9215]  INFO -- : 0:  uglifier (2.4.0) from /var/lib/gems/1.9.1/specifications/uglifier-2.4.0.gemspec
